<?xml version="1.0" encoding="UTF-8"?>
<testng-results skipped="0" failed="0" ignored="0" total="2" passed="2">
  <reporter-output>
  </reporter-output>
  <suite name="Default suite" duration-ms="71" started-at="2017-03-26T13:47:10Z" finished-at="2017-03-26T13:47:10Z">
    <groups>
    </groups>
    <test name="Default test" duration-ms="71" started-at="2017-03-26T13:47:10Z" finished-at="2017-03-26T13:47:10Z">
      <class name="TestDemo">
        <test-method status="PASS" signature="loginTest(java.lang.String, java.lang.String, java.lang.String)[pri:0, instance:TestDemo@ad8e84]" name="loginTest" duration-ms="16" started-at="2017-03-26T19:17:10Z" data-provider="getData" finished-at="2017-03-26T19:17:10Z">
          <params>
            <param index="0">
              <value>
                <![CDATA[UI]]>
              </value>
            </param>
            <param index="1">
              <value>
                <![CDATA[PI]]>
              </value>
            </param>
            <param index="2">
              <value>
                <![CDATA[Chrome]]>
              </value>
            </param>
          </params>
          <reporter-output>
          </reporter-output>
        </test-method> <!-- loginTest -->
        <test-method status="PASS" signature="loginTest(java.lang.String, java.lang.String, java.lang.String)[pri:0, instance:TestDemo@ad8e84]" name="loginTest" duration-ms="3" started-at="2017-03-26T19:17:10Z" data-provider="getData" finished-at="2017-03-26T19:17:10Z">
          <params>
            <param index="0">
              <value>
                <![CDATA[UI]]>
              </value>
            </param>
            <param index="1">
              <value>
                <![CDATA[P1]]>
              </value>
            </param>
            <param index="2">
              <value>
                <![CDATA[Ie]]>
              </value>
            </param>
          </params>
          <reporter-output>
          </reporter-output>
        </test-method> <!-- loginTest -->
      </class> <!-- TestDemo -->
    </test> <!-- Default test -->
  </suite> <!-- Default suite -->
</testng-results>
